0 info it worked if it ends with ok
1 verbose cli [ 'node',
1 verbose cli   '/Users/daniel/.nvm/v0.10.24/bin/npm',
1 verbose cli   'i',
1 verbose cli   '--save',
1 verbose cli   'https://github.com/twbs/bootstrap-sass.git' ]
2 info using npm@1.3.22
3 info using node@v0.10.24
4 warn package.json datasplice-archetype@0.0.0 No description
5 warn package.json datasplice-archetype@0.0.0 No repository field.
6 warn package.json datasplice-archetype@0.0.0 No README data
7 verbose readDependencies using package.json deps
8 verbose cache add [ 'https://github.com/twbs/bootstrap-sass.git', null ]
9 verbose cache add name=undefined spec="https://github.com/twbs/bootstrap-sass.git" args=["https://github.com/twbs/bootstrap-sass.git",null]
10 verbose parsed url { protocol: 'https:',
10 verbose parsed url   slashes: true,
10 verbose parsed url   auth: null,
10 verbose parsed url   host: 'github.com',
10 verbose parsed url   port: null,
10 verbose parsed url   hostname: 'github.com',
10 verbose parsed url   hash: null,
10 verbose parsed url   search: null,
10 verbose parsed url   query: null,
10 verbose parsed url   pathname: '/twbs/bootstrap-sass.git',
10 verbose parsed url   path: '/twbs/bootstrap-sass.git',
10 verbose parsed url   href: 'https://github.com/twbs/bootstrap-sass.git' }
11 silly lockFile a987e561-thub-com-twbs-bootstrap-sass-git https://github.com/twbs/bootstrap-sass.git
12 verbose lock https://github.com/twbs/bootstrap-sass.git /Users/daniel/.npm/a987e561-thub-com-twbs-bootstrap-sass-git.lock
13 verbose addRemoteTarball [ 'https://github.com/twbs/bootstrap-sass.git', null ]
14 info retry fetch attempt 1 at 18:35:31
15 verbose fetch to= /var/folders/r_/sfdh02q16ybgq6vjvchrysdr0000gn/T/npm-18107-8DwHu1Rj/1390527331405-0.37168723926879466/tmp.tgz
16 http GET https://github.com/twbs/bootstrap-sass.git
17 http 200 https://github.com/twbs/bootstrap-sass.git
18 verbose tar unpack /var/folders/r_/sfdh02q16ybgq6vjvchrysdr0000gn/T/npm-18107-8DwHu1Rj/1390527331405-0.37168723926879466/tmp.tgz
19 silly lockFile a8d8c9cd-1405-0-37168723926879466-package tar:///var/folders/r_/sfdh02q16ybgq6vjvchrysdr0000gn/T/npm-18107-8DwHu1Rj/1390527331405-0.37168723926879466/package
20 verbose lock tar:///var/folders/r_/sfdh02q16ybgq6vjvchrysdr0000gn/T/npm-18107-8DwHu1Rj/1390527331405-0.37168723926879466/package /Users/daniel/.npm/a8d8c9cd-1405-0-37168723926879466-package.lock
21 silly lockFile 414b2ba6-1405-0-37168723926879466-tmp-tgz tar:///var/folders/r_/sfdh02q16ybgq6vjvchrysdr0000gn/T/npm-18107-8DwHu1Rj/1390527331405-0.37168723926879466/tmp.tgz
22 verbose lock tar:///var/folders/r_/sfdh02q16ybgq6vjvchrysdr0000gn/T/npm-18107-8DwHu1Rj/1390527331405-0.37168723926879466/tmp.tgz /Users/daniel/.npm/414b2ba6-1405-0-37168723926879466-tmp-tgz.lock
23 silly gunzTarPerm modes [ '755', '644' ]
24 error not a package /var/folders/r_/sfdh02q16ybgq6vjvchrysdr0000gn/T/npm-18107-8DwHu1Rj/1390527331405-0.37168723926879466/tmp.tgz
25 silly lockFile a8d8c9cd-1405-0-37168723926879466-package tar:///var/folders/r_/sfdh02q16ybgq6vjvchrysdr0000gn/T/npm-18107-8DwHu1Rj/1390527331405-0.37168723926879466/package
26 silly lockFile a8d8c9cd-1405-0-37168723926879466-package tar:///var/folders/r_/sfdh02q16ybgq6vjvchrysdr0000gn/T/npm-18107-8DwHu1Rj/1390527331405-0.37168723926879466/package
27 silly lockFile 414b2ba6-1405-0-37168723926879466-tmp-tgz tar:///var/folders/r_/sfdh02q16ybgq6vjvchrysdr0000gn/T/npm-18107-8DwHu1Rj/1390527331405-0.37168723926879466/tmp.tgz
28 silly lockFile 414b2ba6-1405-0-37168723926879466-tmp-tgz tar:///var/folders/r_/sfdh02q16ybgq6vjvchrysdr0000gn/T/npm-18107-8DwHu1Rj/1390527331405-0.37168723926879466/tmp.tgz
29 silly lockFile a987e561-thub-com-twbs-bootstrap-sass-git https://github.com/twbs/bootstrap-sass.git
30 silly lockFile a987e561-thub-com-twbs-bootstrap-sass-git https://github.com/twbs/bootstrap-sass.git
31 error Error: ENOENT, open '/var/folders/r_/sfdh02q16ybgq6vjvchrysdr0000gn/T/npm-18107-8DwHu1Rj/1390527331405-0.37168723926879466/package/package.json'
32 error If you need help, you may report this *entire* log,
32 error including the npm and node versions, at:
32 error     <http://github.com/isaacs/npm/issues>
33 error System Darwin 13.0.0
34 error command "node" "/Users/daniel/.nvm/v0.10.24/bin/npm" "i" "--save" "https://github.com/twbs/bootstrap-sass.git"
35 error cwd /Users/daniel/dev/ds/archetype
36 error node -v v0.10.24
37 error npm -v 1.3.22
38 error path /var/folders/r_/sfdh02q16ybgq6vjvchrysdr0000gn/T/npm-18107-8DwHu1Rj/1390527331405-0.37168723926879466/package/package.json
39 error code ENOENT
40 error errno 34
41 verbose exit [ 34, true ]
